<?xml version="1.0" encoding="UTF-8"?>
<testng-results skipped="0" failed="0" ignored="0" total="1" passed="1">
  <reporter-output>
  </reporter-output>
  <suite name="Default suite" duration-ms="45919" started-at="2023-04-04T15:31:20 IST" finished-at="2023-04-04T15:32:06 IST">
    <groups>
    </groups>
    <test name="Default test" duration-ms="45919" started-at="2023-04-04T15:31:20 IST" finished-at="2023-04-04T15:32:06 IST">
      <class name="testscripts.Test3">
        <test-method status="PASS" signature="classConfiguration()[pri:0, instance:testscripts.Test3@13c27452]" name="classConfiguration" is-config="true" duration-ms="8582" started-at="2023-04-04T15:31:20 IST" finished-at="2023-04-04T15:31:29 IST">
          <reporter-output>
          </reporter-output>
        </test-method> <!-- classConfiguration -->
        <test-method status="PASS" signature="methodConfiguration()[pri:0, instance:testscripts.Test3@13c27452]" name="methodConfiguration" is-config="true" duration-ms="1089" started-at="2023-04-04T15:31:29 IST" finished-at="2023-04-04T15:31:30 IST">
          <reporter-output>
          </reporter-output>
        </test-method> <!-- methodConfiguration -->
        <test-method status="PASS" signature="test3()[pri:0, instance:testscripts.Test3@13c27452]" name="test3" duration-ms="35495" started-at="2023-04-04T15:31:30 IST" finished-at="2023-04-04T15:32:05 IST">
          <reporter-output>
          </reporter-output>
        </test-method> <!-- test3 -->
        <test-method status="PASS" signature="classTearDown()[pri:0, instance:testscripts.Test3@13c27452]" name="classTearDown" is-config="true" duration-ms="717" started-at="2023-04-04T15:32:05 IST" finished-at="2023-04-04T15:32:06 IST">
          <reporter-output>
          </reporter-output>
        </test-method> <!-- classTearDown -->
        <test-method status="PASS" signature="methodTearDown()[pri:0, instance:testscripts.Test3@13c27452]" name="methodTearDown" is-config="true" duration-ms="0" started-at="2023-04-04T15:32:05 IST" finished-at="2023-04-04T15:32:05 IST">
          <reporter-output>
          </reporter-output>
        </test-method> <!-- methodTearDown -->
      </class> <!-- testscripts.Test3 -->
    </test> <!-- Default test -->
  </suite> <!-- Default suite -->
</testng-results>
